<?xml version="1.0" encoding="UTF-8" ?>
<testsuite failures="0" time="0.207" errors="0" skipped="0" tests="7" name="org.apache.mahout.common.RandomUtilsTest">
  <properties>
    <property name="java.runtime.name" value="Java(TM) SE Runtime Environment"/>
    <property name="sun.boot.library.path" value="C:\Program Files (x86)\Java\jdk1.6.0_20\jre\bin"/>
    <property name="java.vm.version" value="16.3-b01"/>
    <property name="java.vm.vendor" value="Sun Microsystems Inc."/>
    <property name="java.vendor.url" value="http://java.sun.com/"/>
    <property name="path.separator" value=";"/>
    <property name="java.vm.name" value="Java HotSpot(TM) Client VM"/>
    <property name="file.encoding.pkg" value="sun.io"/>
    <property name="user.country" value="CN"/>
    <property name="sun.java.launcher" value="SUN_STANDARD"/>
    <property name="sun.os.patch.level" value=""/>
    <property name="java.vm.specification.name" value="Java Virtual Machine Specification"/>
    <property name="user.dir" value="D:\material\mahout-distribution-0.7\math"/>
    <property name="java.runtime.version" value="1.6.0_20-b02"/>
    <property name="java.awt.graphicsenv" value="sun.awt.Win32GraphicsEnvironment"/>
    <property name="basedir" value="D:\material\mahout-distribution-0.7\math"/>
    <property name="java.endorsed.dirs" value="C:\Program Files (x86)\Java\jdk1.6.0_20\jre\lib\endorsed"/>
    <property name="os.arch" value="x86"/>
    <property name="surefire.real.class.path" value="D:\material\mahout-distribution-0.7\math\target\surefire\surefirebooter1517423834525249371.jar"/>
    <property name="java.io.tmpdir" value="C:\Users\paulwang\AppData\Local\Temp\"/>
    <property name="line.separator" value="
"/>
    <property name="java.vm.specification.vendor" value="Sun Microsystems Inc."/>
    <property name="user.variant" value=""/>
    <property name="os.name" value="Windows 7"/>
    <property name="sun.jnu.encoding" value="GBK"/>
    <property name="java.library.path" value="C:\Program Files (x86)\Java\jdk1.6.0_20\jre\bin;.;C:\Windows\Sun\Java\bin;C:\Windows\system32;C:\Windows;C:\Program Files (x86)\Common Files\NetSarang;C:\Program Files\Broadcom\Broadcom 802.11 Network Adapter\Driver;C:\Windows\system32;C:\Windows;C:\Windows\System32\Wbem;C:\Windows\System32\WindowsPowerShell\v1.0\;C:\Program Files\TortoiseSVN\bin;C:\Program Files (x86)\QuickTime\QTSystem\;C:\Program Files (x86)\Tesseract-OCR;c:\Ora10InstantClient;c:\apache-maven-3.0.3\bin"/>
    <property name="surefire.test.class.path" value="D:\material\mahout-distribution-0.7\math\target\test-classes;D:\material\mahout-distribution-0.7\math\target\classes;C:\Users\paulwang\.m2\repository\org\apache\commons\commons-math\2.2\commons-math-2.2.jar;C:\Users\paulwang\.m2\repository\org\uncommons\maths\uncommons-maths\1.2.2\uncommons-maths-1.2.2.jar;C:\Users\paulwang\.m2\repository\com\google\guava\guava\r09\guava-r09.jar;C:\Users\paulwang\.m2\repository\org\slf4j\slf4j-api\1.6.1\slf4j-api-1.6.1.jar;C:\Users\paulwang\.m2\repository\org\slf4j\slf4j-jcl\1.6.1\slf4j-jcl-1.6.1.jar;C:\Users\paulwang\.m2\repository\commons-logging\commons-logging\1.1.1\commons-logging-1.1.1.jar;C:\Users\paulwang\.m2\repository\junit\junit\4.8.2\junit-4.8.2.jar;"/>
    <property name="java.specification.name" value="Java Platform API Specification"/>
    <property name="java.class.version" value="50.0"/>
    <property name="sun.management.compiler" value="HotSpot Client Compiler"/>
    <property name="os.version" value="6.1"/>
    <property name="user.home" value="C:\Users\paulwang"/>
    <property name="user.timezone" value=""/>
    <property name="java.awt.printerjob" value="sun.awt.windows.WPrinterJob"/>
    <property name="java.specification.version" value="1.6"/>
    <property name="file.encoding" value="GBK"/>
    <property name="user.name" value="paulwang"/>
    <property name="java.class.path" value="D:\material\mahout-distribution-0.7\math\target\test-classes;D:\material\mahout-distribution-0.7\math\target\classes;C:\Users\paulwang\.m2\repository\org\apache\commons\commons-math\2.2\commons-math-2.2.jar;C:\Users\paulwang\.m2\repository\org\uncommons\maths\uncommons-maths\1.2.2\uncommons-maths-1.2.2.jar;C:\Users\paulwang\.m2\repository\com\google\guava\guava\r09\guava-r09.jar;C:\Users\paulwang\.m2\repository\org\slf4j\slf4j-api\1.6.1\slf4j-api-1.6.1.jar;C:\Users\paulwang\.m2\repository\org\slf4j\slf4j-jcl\1.6.1\slf4j-jcl-1.6.1.jar;C:\Users\paulwang\.m2\repository\commons-logging\commons-logging\1.1.1\commons-logging-1.1.1.jar;C:\Users\paulwang\.m2\repository\junit\junit\4.8.2\junit-4.8.2.jar;"/>
    <property name="java.vm.specification.version" value="1.0"/>
    <property name="sun.arch.data.model" value="32"/>
    <property name="java.home" value="C:\Program Files (x86)\Java\jdk1.6.0_20\jre"/>
    <property name="java.specification.vendor" value="Sun Microsystems Inc."/>
    <property name="user.language" value="zh"/>
    <property name="awt.toolkit" value="sun.awt.windows.WToolkit"/>
    <property name="java.vm.info" value="mixed mode, sharing"/>
    <property name="java.version" value="1.6.0_20"/>
    <property name="java.ext.dirs" value="C:\Program Files (x86)\Java\jdk1.6.0_20\jre\lib\ext;C:\Windows\Sun\Java\lib\ext"/>
    <property name="sun.boot.class.path" value="C:\Program Files (x86)\Java\jdk1.6.0_20\jre\lib\resources.jar;C:\Program Files (x86)\Java\jdk1.6.0_20\jre\lib\rt.jar;C:\Program Files (x86)\Java\jdk1.6.0_20\jre\lib\sunrsasign.jar;C:\Program Files (x86)\Java\jdk1.6.0_20\jre\lib\jsse.jar;C:\Program Files (x86)\Java\jdk1.6.0_20\jre\lib\jce.jar;C:\Program Files (x86)\Java\jdk1.6.0_20\jre\lib\charsets.jar;C:\Program Files (x86)\Java\jdk1.6.0_20\jre\classes"/>
    <property name="java.vendor" value="Sun Microsystems Inc."/>
    <property name="localRepository" value="C:\Users\paulwang\.m2\repository"/>
    <property name="file.separator" value="\"/>
    <property name="java.vendor.url.bug" value="http://java.sun.com/cgi-bin/bugreport.cgi"/>
    <property name="sun.cpu.endian" value="little"/>
    <property name="sun.io.unicode.encoding" value="UnicodeLittle"/>
    <property name="sun.desktop" value="windows"/>
    <property name="sun.cpu.isalist" value="pentium_pro+mmx pentium_pro pentium+mmx pentium i486 i386 i86"/>
  </properties>
  <testcase time="0.046" classname="org.apache.mahout.common.RandomUtilsTest" name="testHashDouble"/>
  <testcase time="0.001" classname="org.apache.mahout.common.RandomUtilsTest" name="testHashFloat"/>
  <testcase time="0.001" classname="org.apache.mahout.common.RandomUtilsTest" name="testIsNotPrime"/>
  <testcase time="0.001" classname="org.apache.mahout.common.RandomUtilsTest" name="testNextPrime"/>
  <testcase time="0.002" classname="org.apache.mahout.common.RandomUtilsTest" name="testNextTwinPrime"/>
  <testcase time="0.024" classname="org.apache.mahout.common.RandomUtilsTest" name="testLongToSeed"/>
  <testcase time="0.001" classname="org.apache.mahout.common.RandomUtilsTest" name="testSetSeed"/>
</testsuite>